<?xml version="1.0" encoding="UTF-8"?>
<!-- Generated by org.testng.reporters.JUnitXMLReporter -->
<testsuite ignored="2" hostname="BASHAR-98" failures="0" tests="2" name="Default test" time="20.615" errors="0" timestamp="2024-10-23T18:51:42 EET">
  <testcase classname="tenthproj" name="Login" time="1.019"/>
  <testcase classname="tenthproj" name="AddItemToTheCart" time="18.035"/>
  <testcase classname="tenthproj" name="signUp" time="0.0">
    <ignored/>
  </testcase> <!-- signUp -->
  <testcase classname="tenthproj" name="logout" time="0.0">
    <ignored/>
  </testcase> <!-- logout -->
</testsuite> <!-- Default test -->
