<?xml version="1.0" encoding="UTF-8"?>
<testng-results ignored="2" total="4" passed="2" failed="0" skipped="0">
  <reporter-output>
  </reporter-output>
  <suite started-at="2024-10-23T18:51:21 EET" name="Default suite" finished-at="2024-10-23T18:51:42 EET" duration-ms="20615">
    <groups>
    </groups>
    <test started-at="2024-10-23T18:51:21 EET" name="Default test" finished-at="2024-10-23T18:51:42 EET" duration-ms="20615">
      <class name="tenthproj">
        <test-method is-config="true" signature="mySetup()[pri:0, instance:tenthproj@52066604]" started-at="2024-10-23T18:51:21 EET" name="mySetup" finished-at="2024-10-23T18:51:23 EET" duration-ms="1505" status="PASS">
          <reporter-output>
          </reporter-output>
        </test-method> <!-- mySetup -->
        <test-method signature="Login()[pri:3, instance:tenthproj@52066604]" started-at="2024-10-23T18:51:23 EET" name="Login" finished-at="2024-10-23T18:51:24 EET" duration-ms="1019" status="PASS">
          <reporter-output>
          </reporter-output>
        </test-method> <!-- Login -->
        <test-method signature="AddItemToTheCart()[pri:4, instance:tenthproj@52066604]" started-at="2024-10-23T18:51:24 EET" name="AddItemToTheCart" finished-at="2024-10-23T18:51:42 EET" duration-ms="18035" status="PASS">
          <reporter-output>
          </reporter-output>
        </test-method> <!-- AddItemToTheCart -->
      </class> <!-- tenthproj -->
    </test> <!-- Default test -->
  </suite> <!-- Default suite -->
</testng-results>
